<?xml version="1.0" encoding="UTF-8"?>
<!-- Generated by org.testng.reporters.JUnitXMLReporter -->
<testsuite ignored="0" hostname="LAPTOP-J1HLQ16S" failures="0" tests="3" name="Test" time="6.401" errors="0" timestamp="2024-10-29T17:50:24 IST">
  <testcase classname="com.taf.testcases.LoginpageTests" name="test3" time="0.243"/>
  <testcase classname="com.taf.testcases.LoginpageTests" name="test1" time="0.219"/>
  <testcase classname="com.taf.testcases.HomepageTests" name="test2" time="0.229"/>
</testsuite> <!-- Test -->
