<?xml version="1.0" encoding="UTF-8"?>
<!-- Generated by org.testng.reporters.JUnitXMLReporter -->
<testsuite ignored="0" hostname="LAPTOP-J1HLQ16S" failures="0" tests="3" name="Test" time="10.186" errors="0" timestamp="2024-10-29T17:26:43 IST">
  <testcase classname="com.taf.testcases.LoginpageTests" name="test3" time="0.334"/>
  <testcase classname="com.taf.testcases.LoginpageTests" name="test1" time="0.284"/>
  <testcase classname="com.taf.testcases.HomepageTests" name="test2" time="1.631"/>
</testsuite> <!-- Test -->
