<?xml version="1.0" encoding="UTF-8"?>
<testng-results ignored="0" total="3" passed="3" failed="0" skipped="0">
  <reporter-output>
  </reporter-output>
  <suite started-at="2024-10-28T19:58:50 IST" name="Suite" finished-at="2024-10-28T19:59:00 IST" duration-ms="9801">
    <groups>
    </groups>
    <test started-at="2024-10-28T19:58:50 IST" name="Test" finished-at="2024-10-28T19:59:00 IST" duration-ms="9801">
      <class name="com.taf.testcases.HomepageTests">
        <test-method is-config="true" signature="setup()[pri:0, instance:com.taf.testcases.HomepageTests@235ecd9f]" started-at="2024-10-28T19:58:57 IST" name="setup" finished-at="2024-10-28T19:58:59 IST" duration-ms="2176" status="PASS">
          <reporter-output>
          </reporter-output>
        </test-method> <!-- setup -->
        <test-method signature="test1()[pri:0, instance:com.taf.testcases.HomepageTests@235ecd9f]" started-at="2024-10-28T19:58:59 IST" name="test1" finished-at="2024-10-28T19:58:59 IST" duration-ms="261" status="PASS">
          <reporter-output>
          </reporter-output>
        </test-method> <!-- test1 -->
        <test-method is-config="true" signature="tearDown()[pri:0, instance:com.taf.testcases.HomepageTests@235ecd9f]" started-at="2024-10-28T19:58:59 IST" name="tearDown" finished-at="2024-10-28T19:59:00 IST" duration-ms="622" status="PASS">
          <reporter-output>
          </reporter-output>
        </test-method> <!-- tearDown -->
      </class> <!-- com.taf.testcases.HomepageTests -->
      <class name="com.taf.testcases.LoginpageTests">
        <test-method is-config="true" signature="setup()[pri:0, instance:com.taf.testcases.LoginpageTests@6c1a5b54]" started-at="2024-10-28T19:58:50 IST" name="setup" finished-at="2024-10-28T19:58:53 IST" duration-ms="2761" status="PASS">
          <reporter-output>
          </reporter-output>
        </test-method> <!-- setup -->
        <test-method signature="test1()[pri:0, instance:com.taf.testcases.LoginpageTests@6c1a5b54]" started-at="2024-10-28T19:58:53 IST" name="test1" finished-at="2024-10-28T19:58:53 IST" duration-ms="254" status="PASS">
          <reporter-output>
          </reporter-output>
        </test-method> <!-- test1 -->
        <test-method is-config="true" signature="tearDown()[pri:0, instance:com.taf.testcases.LoginpageTests@6c1a5b54]" started-at="2024-10-28T19:58:53 IST" name="tearDown" finished-at="2024-10-28T19:58:54 IST" duration-ms="616" status="PASS">
          <reporter-output>
          </reporter-output>
        </test-method> <!-- tearDown -->
        <test-method is-config="true" signature="setup()[pri:0, instance:com.taf.testcases.LoginpageTests@6c1a5b54]" started-at="2024-10-28T19:58:54 IST" name="setup" finished-at="2024-10-28T19:58:56 IST" duration-ms="2117" status="PASS">
          <reporter-output>
          </reporter-output>
        </test-method> <!-- setup -->
        <test-method signature="test2()[pri:0, instance:com.taf.testcases.LoginpageTests@6c1a5b54]" started-at="2024-10-28T19:58:56 IST" name="test2" finished-at="2024-10-28T19:58:56 IST" duration-ms="321" status="PASS">
          <reporter-output>
          </reporter-output>
        </test-method> <!-- test2 -->
        <test-method is-config="true" signature="tearDown()[pri:0, instance:com.taf.testcases.LoginpageTests@6c1a5b54]" started-at="2024-10-28T19:58:56 IST" name="tearDown" finished-at="2024-10-28T19:58:57 IST" duration-ms="632" status="PASS">
          <reporter-output>
          </reporter-output>
        </test-method> <!-- tearDown -->
      </class> <!-- com.taf.testcases.LoginpageTests -->
    </test> <!-- Test -->
  </suite> <!-- Suite -->
</testng-results>
