<?xml version="1.0" encoding="UTF-8"?>
<testng-results ignored="0" total="2" passed="2" failed="0" skipped="0">
  <reporter-output>
  </reporter-output>
  <suite started-at="2024-10-29T15:37:40 IST" name="Suite" finished-at="2024-10-29T15:37:44 IST" duration-ms="3976">
    <groups>
    </groups>
    <test started-at="2024-10-29T15:37:40 IST" name="Test" finished-at="2024-10-29T15:37:44 IST" duration-ms="3976">
      <class name="com.taf.testcases.HomepageTests">
        <test-method is-config="true" signature="setup()[pri:0, instance:com.taf.testcases.HomepageTests@235ecd9f]" started-at="2024-10-29T15:37:40 IST" name="setup" finished-at="2024-10-29T15:37:43 IST" duration-ms="3509" status="PASS">
          <reporter-output>
          </reporter-output>
        </test-method> <!-- setup -->
        <test-method signature="test2()[pri:0, instance:com.taf.testcases.HomepageTests@235ecd9f]" started-at="2024-10-29T15:37:43 IST" name="test2" finished-at="2024-10-29T15:37:44 IST" duration-ms="398" status="PASS">
          <reporter-output>
          </reporter-output>
        </test-method> <!-- test2 -->
        <test-method is-config="true" signature="tearDown()[pri:0, instance:com.taf.testcases.HomepageTests@235ecd9f]" started-at="2024-10-29T15:37:44 IST" name="tearDown" finished-at="2024-10-29T15:37:44 IST" duration-ms="1" status="PASS">
          <reporter-output>
          </reporter-output>
        </test-method> <!-- tearDown -->
      </class> <!-- com.taf.testcases.HomepageTests -->
      <class name="com.taf.testcases.LoginpageTests">
        <test-method is-config="true" signature="setup()[pri:0, instance:com.taf.testcases.LoginpageTests@6c1a5b54]" started-at="2024-10-29T15:37:40 IST" name="setup" finished-at="2024-10-29T15:37:43 IST" duration-ms="3611" status="PASS">
          <reporter-output>
          </reporter-output>
        </test-method> <!-- setup -->
        <test-method signature="test1()[pri:0, instance:com.taf.testcases.LoginpageTests@6c1a5b54]" started-at="2024-10-29T15:37:43 IST" name="test1" finished-at="2024-10-29T15:37:44 IST" duration-ms="302" status="PASS">
          <reporter-output>
          </reporter-output>
        </test-method> <!-- test1 -->
        <test-method is-config="true" signature="tearDown()[pri:0, instance:com.taf.testcases.LoginpageTests@6c1a5b54]" started-at="2024-10-29T15:37:44 IST" name="tearDown" finished-at="2024-10-29T15:37:44 IST" duration-ms="0" status="PASS">
          <reporter-output>
          </reporter-output>
        </test-method> <!-- tearDown -->
      </class> <!-- com.taf.testcases.LoginpageTests -->
    </test> <!-- Test -->
  </suite> <!-- Suite -->
</testng-results>
